2020-10-20 12:47:57,361 INFO o.a.j.u.JMeterUtils: Setting Locale to en_EN
2020-10-20 12:47:57,393 INFO o.a.j.JMeter: Loading user properties from: C:\Program Files\apache-jmeter-5.3\bin\user.properties
2020-10-20 12:47:57,394 INFO o.a.j.JMeter: Loading system properties from: C:\Program Files\apache-jmeter-5.3\bin\system.properties
2020-10-20 12:47:57,396 INFO o.a.j.JMeter: Copyright (c) 1998-2020 The Apache Software Foundation
2020-10-20 12:47:57,397 INFO o.a.j.JMeter: Version 5.3
2020-10-20 12:47:57,397 INFO o.a.j.JMeter: java.version=14
2020-10-20 12:47:57,397 INFO o.a.j.JMeter: java.vm.name=Java HotSpot(TM) 64-Bit Server VM
2020-10-20 12:47:57,397 INFO o.a.j.JMeter: os.name=Windows 10
2020-10-20 12:47:57,397 INFO o.a.j.JMeter: os.arch=amd64
2020-10-20 12:47:57,398 INFO o.a.j.JMeter: os.version=10.0
2020-10-20 12:47:57,398 INFO o.a.j.JMeter: file.encoding=Cp1252
2020-10-20 12:47:57,398 INFO o.a.j.JMeter: java.awt.headless=true
2020-10-20 12:47:57,398 INFO o.a.j.JMeter: Max memory     =1073741824
2020-10-20 12:47:57,398 INFO o.a.j.JMeter: Available Processors =4
2020-10-20 12:47:57,410 INFO o.a.j.JMeter: Default Locale=English (EN)
2020-10-20 12:47:57,411 INFO o.a.j.JMeter: JMeter  Locale=English (EN)
2020-10-20 12:47:57,411 INFO o.a.j.JMeter: JMeterHome=C:\Program Files\apache-jmeter-5.3
2020-10-20 12:47:57,411 INFO o.a.j.JMeter: user.dir  =C:\Users\joni7\Documents\MEGA\JMeter_Test
2020-10-20 12:47:57,412 INFO o.a.j.JMeter: PWD       =C:\Users\joni7\Documents\MEGA\JMeter_Test
2020-10-20 12:48:06,433 INFO o.a.j.JMeter: IP: 169.254.4.211 Name: DESKTOP-DSP96PB FullName: DESKTOP-DSP96PB
2020-10-20 12:48:06,437 INFO o.a.j.JMeter: Setting property 'jmeter.reportgenerator.outputdir' to:'C:\Users\joni7\Documents\MEGA\JMeter_Test\LoadTest-Reports'
2020-10-20 12:48:06,442 INFO o.a.j.r.d.ReportGenerator: ReportGenerator will use for Parsing the separator: ','
2020-10-20 12:48:06,442 INFO o.a.j.r.d.ReportGenerator: Will only generate report from results file: C:\Users\joni7\Documents\MEGA\JMeter_Test\LoadTestFile.csv
2020-10-20 12:48:06,442 INFO o.a.j.r.d.ReportGenerator: Reading report generator properties from: C:\Program Files\apache-jmeter-5.3\bin\reportgenerator.properties
2020-10-20 12:48:06,443 INFO o.a.j.r.d.ReportGenerator: Merging with JMeter properties
2020-10-20 12:48:06,449 INFO o.a.j.r.c.ReportGeneratorConfiguration: Property 'jmeter.reportgenerator.temp_dir' not found, using default value 'temp' instead.
2020-10-20 12:48:06,452 INFO o.a.j.r.c.ReportGeneratorConfiguration: Property 'jmeter.reportgenerator.apdex_per_transaction' not found, using default value 'null' instead.
2020-10-20 12:48:06,456 INFO o.a.j.r.c.ReportGeneratorConfiguration: apdex_per_transaction is empty, not APDEX per transaction customization
2020-10-20 12:48:06,456 INFO o.a.j.r.c.ReportGeneratorConfiguration: Property 'jmeter.reportgenerator.sample_filter' not found, using default value 'null' instead.
2020-10-20 12:48:06,456 INFO o.a.j.r.c.ReportGeneratorConfiguration: Property 'jmeter.reportgenerator.report_title' not found, using default value 'null' instead.
2020-10-20 12:48:06,457 INFO o.a.j.r.c.ReportGeneratorConfiguration: Property 'jmeter.reportgenerator.start_date' not found, using default value 'null' instead.
2020-10-20 12:48:06,457 INFO o.a.j.r.c.ReportGeneratorConfiguration: Property 'jmeter.reportgenerator.end_date' not found, using default value 'null' instead.
2020-10-20 12:48:06,457 INFO o.a.j.r.c.ReportGeneratorConfiguration: Property 'jmeter.reportgenerator.date_format' not found, using default value 'null' instead.
2020-10-20 12:48:06,457 INFO o.a.j.r.c.ReportGeneratorConfiguration: Will use date range start date: null, end date: null
2020-10-20 12:48:06,461 INFO o.a.j.r.c.ReportGeneratorConfiguration: Property 'jmeter.reportgenerator.graph.totalTPS.exclude_controllers' not found, using default value 'false' instead.
2020-10-20 12:48:06,462 INFO o.a.j.r.c.ReportGeneratorConfiguration: Property 'jmeter.reportgenerator.graph.activeThreadsOverTime.exclude_controllers' not found, using default value 'false' instead.
2020-10-20 12:48:06,462 INFO o.a.j.r.c.ReportGeneratorConfiguration: Property 'jmeter.reportgenerator.graph.timeVsThreads.exclude_controllers' not found, using default value 'false' instead.
2020-10-20 12:48:06,462 INFO o.a.j.r.c.ReportGeneratorConfiguration: Property 'jmeter.reportgenerator.graph.responseTimeDistribution.exclude_controllers' not found, using default value 'false' instead.
2020-10-20 12:48:06,462 INFO o.a.j.r.c.ReportGeneratorConfiguration: Property 'jmeter.reportgenerator.graph.transactionsPerSecond.exclude_controllers' not found, using default value 'false' instead.
2020-10-20 12:48:06,462 INFO o.a.j.r.c.ReportGeneratorConfiguration: Property 'jmeter.reportgenerator.graph.responseTimePercentiles.exclude_controllers' not found, using default value 'false' instead.
2020-10-20 12:48:06,463 INFO o.a.j.r.c.ReportGeneratorConfiguration: Property 'jmeter.reportgenerator.graph.responseTimePercentilesOverTime.exclude_controllers' not found, using default value 'false' instead.
2020-10-20 12:48:06,463 INFO o.a.j.r.c.ReportGeneratorConfiguration: Property 'jmeter.reportgenerator.graph.responseTimesOverTime.exclude_controllers' not found, using default value 'false' instead.
2020-10-20 12:48:06,463 INFO o.a.j.r.c.ReportGeneratorConfiguration: Property 'jmeter.reportgenerator.graph.connectTimeOverTime.exclude_controllers' not found, using default value 'false' instead.
2020-10-20 12:48:06,464 INFO o.a.j.r.c.ReportGeneratorConfiguration: Property 'jmeter.reportgenerator.graph.latenciesOverTime.exclude_controllers' not found, using default value 'false' instead.
2020-10-20 12:48:06,465 INFO o.a.j.r.c.ReportGeneratorConfiguration: Property 'jmeter.reportgenerator.exporter.json.filters_only_sample_series' not found, using default value 'true' instead.
2020-10-20 12:48:06,465 INFO o.a.j.r.c.ReportGeneratorConfiguration: Property 'jmeter.reportgenerator.exporter.json.series_filter' not found, using default value '' instead.
2020-10-20 12:48:06,465 INFO o.a.j.r.c.ReportGeneratorConfiguration: Property 'jmeter.reportgenerator.exporter.json.show_controllers_only' not found, using default value 'false' instead.
2020-10-20 12:48:06,466 INFO o.a.j.r.c.ReportGeneratorConfiguration: Property 'jmeter.reportgenerator.exporter.html.filters_only_sample_series' not found, using default value 'true' instead.
2020-10-20 12:48:06,466 INFO o.a.j.r.c.ReportGeneratorConfiguration: Property 'jmeter.reportgenerator.exporter.html.series_filter' not found, using default value '' instead.
2020-10-20 12:48:06,466 INFO o.a.j.r.c.ReportGeneratorConfiguration: Property 'jmeter.reportgenerator.exporter.html.show_controllers_only' not found, using default value 'false' instead.
2020-10-20 12:48:06,618 INFO o.a.j.s.SaveService: Testplan (JMX) version: 2.2. Testlog (JTL) version: 2.2
2020-10-20 12:48:06,641 INFO o.a.j.s.SaveService: Using SaveService properties version 5.0
2020-10-20 12:48:06,646 INFO o.a.j.s.SaveService: Using SaveService properties file encoding UTF-8
2020-10-20 12:48:06,690 INFO o.a.j.r.p.NormalizerSampleConsumer: Using format, 'ms', to parse timeStamp field
2020-10-20 12:48:08,810 INFO o.a.j.r.p.AbstractSampleConsumer: class org.apache.jmeter.report.processor.AggregateConsumer#stopProducing(): beginDate produced 0 samples
2020-10-20 12:48:08,810 INFO o.a.j.r.p.AbstractSampleConsumer: class org.apache.jmeter.report.processor.AggregateConsumer#stopProducing(): endDate produced 0 samples
2020-10-20 12:48:08,813 INFO o.a.j.r.p.AbstractSampleConsumer: class org.apache.jmeter.report.processor.ApdexSummaryConsumer#stopProducing(): apdexSummary produced 0 samples
2020-10-20 12:48:08,813 INFO o.a.j.r.p.AbstractSampleConsumer: class org.apache.jmeter.report.processor.RequestsSummaryConsumer#stopProducing(): requestsSummary produced 0 samples
2020-10-20 12:48:08,827 INFO o.a.j.r.p.AbstractSampleConsumer: class org.apache.jmeter.report.processor.StatisticsSummaryConsumer#stopProducing(): statisticsSummary produced 0 samples
2020-10-20 12:48:08,832 INFO o.a.j.r.p.AbstractSampleConsumer: class org.apache.jmeter.report.processor.Top5ErrorsBySamplerConsumer#stopProducing(): top5ErrorsBySampler produced 0 samples
2020-10-20 12:48:08,833 INFO o.a.j.r.p.AbstractSampleConsumer: class org.apache.jmeter.report.processor.ErrorsSummaryConsumer#stopProducing(): errorsSummary produced 0 samples
2020-10-20 12:48:08,833 INFO o.a.j.r.p.AbstractSampleConsumer: class org.apache.jmeter.report.processor.graph.impl.HitsPerSecondGraphConsumer#stopProducing(): hitsPerSecond produced 0 samples
2020-10-20 12:48:09,128 INFO o.a.j.r.p.AbstractSampleConsumer: class org.apache.jmeter.report.processor.graph.impl.LatencyVSRequestGraphConsumer#stopProducing(): latencyVsRequest produced 0 samples
2020-10-20 12:48:09,133 INFO o.a.j.r.p.AbstractSampleConsumer: class org.apache.jmeter.report.processor.graph.impl.SyntheticResponseTimeDistributionGraphConsumer#stopProducing(): syntheticResponseTimeDistribution produced 0 samples
2020-10-20 12:48:09,135 INFO o.a.j.r.p.AbstractSampleConsumer: class org.apache.jmeter.report.processor.graph.impl.BytesThroughputGraphConsumer#stopProducing(): bytesThroughputOverTime produced 0 samples
2020-10-20 12:48:09,135 INFO o.a.j.r.p.AbstractSampleConsumer: class org.apache.jmeter.report.processor.graph.impl.CodesPerSecondGraphConsumer#stopProducing(): codesPerSecond produced 0 samples
2020-10-20 12:48:09,376 INFO o.a.j.r.p.AbstractSampleConsumer: class org.apache.jmeter.report.processor.graph.impl.ResponseTimeVSRequestGraphConsumer#stopProducing(): responseTimeVsRequest produced 0 samples
2020-10-20 12:48:09,380 INFO o.a.j.r.p.AbstractSampleConsumer: class org.apache.jmeter.report.processor.FilterConsumer#stopProducing(): startIntervalControlerFilter produced 395675 samples
2020-10-20 12:48:09,380 INFO o.a.j.r.p.AbstractSampleConsumer: class org.apache.jmeter.report.processor.graph.impl.TotalTPSGraphConsumer#stopProducing(): totalTPS produced 0 samples
2020-10-20 12:48:09,380 INFO o.a.j.r.p.AbstractSampleConsumer: class org.apache.jmeter.report.processor.graph.impl.ActiveThreadsGraphConsumer#stopProducing(): activeThreadsOverTime produced 0 samples
2020-10-20 12:48:09,381 INFO o.a.j.r.p.AbstractSampleConsumer: class org.apache.jmeter.report.processor.graph.impl.TimeVSThreadGraphConsumer#stopProducing(): timeVsThreads produced 0 samples
2020-10-20 12:48:09,381 INFO o.a.j.r.p.AbstractSampleConsumer: class org.apache.jmeter.report.processor.graph.impl.ResponseTimeDistributionGraphConsumer#stopProducing(): responseTimeDistribution produced 0 samples
2020-10-20 12:48:09,382 INFO o.a.j.r.p.AbstractSampleConsumer: class org.apache.jmeter.report.processor.graph.impl.TransactionsPerSecondGraphConsumer#stopProducing(): transactionsPerSecond produced 0 samples
2020-10-20 12:48:09,382 INFO o.a.j.r.p.AbstractSampleConsumer: class org.apache.jmeter.report.processor.graph.impl.ResponseTimePercentilesGraphConsumer#stopProducing(): responseTimePercentiles produced 0 samples
2020-10-20 12:48:09,401 INFO o.a.j.r.p.AbstractSampleConsumer: class org.apache.jmeter.report.processor.graph.impl.ResponseTimePercentilesOverTimeGraphConsumer#stopProducing(): responseTimePercentilesOverTime produced 0 samples
2020-10-20 12:48:09,408 INFO o.a.j.r.p.AbstractSampleConsumer: class org.apache.jmeter.report.processor.graph.impl.ResponseTimeOverTimeGraphConsumer#stopProducing(): responseTimesOverTime produced 0 samples
2020-10-20 12:48:09,409 INFO o.a.j.r.p.AbstractSampleConsumer: class org.apache.jmeter.report.processor.graph.impl.ConnectTimeOverTimeGraphConsumer#stopProducing(): connectTimeOverTime produced 0 samples
2020-10-20 12:48:09,409 INFO o.a.j.r.p.AbstractSampleConsumer: class org.apache.jmeter.report.processor.graph.impl.LatencyOverTimeGraphConsumer#stopProducing(): latenciesOverTime produced 0 samples
2020-10-20 12:48:09,409 INFO o.a.j.r.p.AbstractSampleConsumer: class org.apache.jmeter.report.processor.FilterConsumer#stopProducing(): nameFilter produced 847875 samples
2020-10-20 12:48:09,409 INFO o.a.j.r.p.AbstractSampleConsumer: class org.apache.jmeter.report.processor.FilterConsumer#stopProducing(): dateRangeFilter produced 169575 samples
2020-10-20 12:48:09,409 INFO o.a.j.r.p.AbstractSampleConsumer: class org.apache.jmeter.report.processor.NormalizerSampleConsumer#stopProducing(): normalizer produced 56525 samples
2020-10-20 12:48:09,410 INFO o.a.j.r.p.CsvFileSampleSource: produce(): 56525 samples produced in 2s 693 ms on channel 0
2020-10-20 12:48:09,411 INFO o.a.j.r.d.ReportGenerator: Exporting data using exporter:'json' of className:'org.apache.jmeter.report.dashboard.JsonExporter'
2020-10-20 12:48:09,415 INFO o.a.j.r.d.JsonExporter: Found data for consumer statisticsSummary in context
2020-10-20 12:48:09,415 INFO o.a.j.r.d.JsonExporter: Creating statistics for overall
2020-10-20 12:48:09,416 INFO o.a.j.r.d.JsonExporter: Creating statistics for other transactions
2020-10-20 12:48:09,418 INFO o.a.j.r.d.JsonExporter: Checking output folder
2020-10-20 12:48:09,419 INFO o.a.j.r.d.JsonExporter: Writing statistics JSON to C:\Users\joni7\Documents\MEGA\JMeter_Test\LoadTest-Reports\statistics.json
2020-10-20 12:48:09,620 INFO o.a.j.r.d.ReportGenerator: Exporting data using exporter:'html' of className:'org.apache.jmeter.report.dashboard.HtmlTemplateExporter'
2020-10-20 12:48:09,623 INFO o.a.j.r.d.HtmlTemplateExporter: Will generate dashboard in folder: C:\Users\joni7\Documents\MEGA\JMeter_Test\LoadTest-Reports
2020-10-20 12:48:09,764 ERROR f.configuration: DefaultObjectWrapper.incompatibleImprovements was set to the object returned by Configuration.getVersion(). That defeats the purpose of incompatibleImprovements, and makes upgrading FreeMarker a potentially breaking change. Also, this probably won't be allowed starting from 2.4.0. Instead, set incompatibleImprovements to the highest concrete version that's known to be compatible with your application.
2020-10-20 12:48:09,766 ERROR f.configuration: Configuration.incompatibleImprovements was set to the object returned by Configuration.getVersion(). That defeats the purpose of incompatibleImprovements, and makes upgrading FreeMarker a potentially breaking change. Also, this probably won't be allowed starting from 2.4.0. Instead, set incompatibleImprovements to the highest concrete version that's known to be compatible with your application.
2020-10-20 12:48:09,775 INFO o.a.j.r.d.HtmlTemplateExporter: Report will be generated in: C:\Users\joni7\Documents\MEGA\JMeter_Test\LoadTest-Reports, creating folder structure
2020-10-20 12:48:09,778 INFO o.a.j.r.d.TemplateVisitor: Copying folder from 'C:\Program Files\apache-jmeter-5.3\bin\report-template' to 'C:\Users\joni7\Documents\MEGA\JMeter_Test\LoadTest-Reports', got message: C:\Users\joni7\Documents\MEGA\JMeter_Test\LoadTest-Reports, found non empty folder with following content [C:\Users\joni7\Documents\MEGA\JMeter_Test\LoadTest-Reports\statistics.json], will be ignored
